
  .   ____          _            __ _ _
 /\\ / ___'_ __ _ _(_)_ __  __ _ \ \ \ \
( ( )\___ | '_ | '_| | '_ \/ _` | \ \ \ \
 \\/  ___)| |_)| | | | | || (_| |  ) ) ) )
  '  |____| .__|_| |_|_| |_\__, | / / / /
 =========|_|==============|___/=/_/_/_/
 :: Spring Boot ::                (v3.2.5)

2026-04-05T09:51:21.165+05:30  INFO 2743059 --- [finance-dashboard] [           main] c.z.finance.FinanceDashboardApplication  : Starting FinanceDashboardApplication v1.0.0 using Java 17.0.10 with PID 2743059 (/home/kalyan.v/finance-dashboard/target/finance-dashboard-1.0.0.jar started by kalyan.v in /home/kalyan.v/finance-dashboard)
2026-04-05T09:51:21.169+05:30  INFO 2743059 --- [finance-dashboard] [           main] c.z.finance.FinanceDashboardApplication  : No active profile set, falling back to 1 default profile: "default"
2026-04-05T09:51:23.234+05:30  INFO 2743059 --- [finance-dashboard] [           main] .s.d.r.c.RepositoryConfigurationDelegate : Bootstrapping Spring Data JPA repositories in DEFAULT mode.
2026-04-05T09:51:23.364+05:30  INFO 2743059 --- [finance-dashboard] [           main] .s.d.r.c.RepositoryConfigurationDelegate : Finished Spring Data repository scanning in 114 ms. Found 3 JPA repository interfaces.
2026-04-05T09:51:24.490+05:30  INFO 2743059 --- [finance-dashboard] [           main] o.s.b.w.embedded.tomcat.TomcatWebServer  : Tomcat initialized with port 8085 (http)
2026-04-05T09:51:24.504+05:30  INFO 2743059 --- [finance-dashboard] [           main] o.apache.catalina.core.StandardService   : Starting service [Tomcat]
2026-04-05T09:51:24.504+05:30  INFO 2743059 --- [finance-dashboard] [           main] o.apache.catalina.core.StandardEngine    : Starting Servlet engine: [Apache Tomcat/10.1.20]
2026-04-05T09:51:24.548+05:30  INFO 2743059 --- [finance-dashboard] [           main] o.a.c.c.C.[Tomcat].[localhost].[/]       : Initializing Spring embedded WebApplicationContext
2026-04-05T09:51:24.549+05:30  INFO 2743059 --- [finance-dashboard] [           main] w.s.c.ServletWebServerApplicationContext : Root WebApplicationContext: initialization completed in 3281 ms
2026-04-05T09:51:24.603+05:30  INFO 2743059 --- [finance-dashboard] [           main] com.zaxxer.hikari.HikariDataSource       : HikariPool-1 - Starting...
2026-04-05T09:51:24.861+05:30  INFO 2743059 --- [finance-dashboard] [           main] com.zaxxer.hikari.pool.HikariPool        : HikariPool-1 - Added connection conn0: url=jdbc:h2:mem:financedb user=SA
2026-04-05T09:51:24.864+05:30  INFO 2743059 --- [finance-dashboard] [           main] com.zaxxer.hikari.HikariDataSource       : HikariPool-1 - Start completed.
2026-04-05T09:51:24.877+05:30  INFO 2743059 --- [finance-dashboard] [           main] o.s.b.a.h2.H2ConsoleAutoConfiguration    : H2 console available at '/h2-console'. Database available at 'jdbc:h2:mem:financedb'
2026-04-05T09:51:25.037+05:30  INFO 2743059 --- [finance-dashboard] [           main] o.hibernate.jpa.internal.util.LogHelper  : HHH000204: Processing PersistenceUnitInfo [name: default]
2026-04-05T09:51:25.112+05:30  INFO 2743059 --- [finance-dashboard] [           main] org.hibernate.Version                    : HHH000412: Hibernate ORM core version 6.4.4.Final
2026-04-05T09:51:25.168+05:30  INFO 2743059 --- [finance-dashboard] [           main] o.h.c.internal.RegionFactoryInitiator    : HHH000026: Second-level cache disabled
2026-04-05T09:51:25.455+05:30  INFO 2743059 --- [finance-dashboard] [           main] o.s.o.j.p.SpringPersistenceUnitInfo      : No LoadTimeWeaver setup: ignoring JPA class transformer
2026-04-05T09:51:25.518+05:30  WARN 2743059 --- [finance-dashboard] [           main] org.hibernate.orm.deprecation            : HHH90000025: H2Dialect does not need to be specified explicitly using 'hibernate.dialect' (remove the property setting and it will be selected by default)
2026-04-05T09:51:26.595+05:30  INFO 2743059 --- [finance-dashboard] [           main] o.h.e.t.j.p.i.JtaPlatformInitiator       : HHH000489: No JTA platform available (set 'hibernate.transaction.jta.platform' to enable JTA platform integration)
2026-04-05T09:51:26.668+05:30  INFO 2743059 --- [finance-dashboard] [           main] j.LocalContainerEntityManagerFactoryBean : Initialized JPA EntityManagerFactory for persistence unit 'default'
2026-04-05T09:51:27.408+05:30  INFO 2743059 --- [finance-dashboard] [           main] o.s.d.j.r.query.QueryEnhancerFactory     : Hibernate is in classpath; If applicable, HQL parser will be used.
2026-04-05T09:51:29.071+05:30  INFO 2743059 --- [finance-dashboard] [           main] o.s.b.w.embedded.tomcat.TomcatWebServer  : Tomcat started on port 8085 (http) with context path ''
2026-04-05T09:51:29.092+05:30  INFO 2743059 --- [finance-dashboard] [           main] c.z.finance.FinanceDashboardApplication  : Started FinanceDashboardApplication in 8.448 seconds (process running for 9.284)
2026-04-05T09:52:25.107+05:30  INFO 2743059 --- [finance-dashboard] [nio-8085-exec-1] o.a.c.c.C.[Tomcat].[localhost].[/]       : Initializing Spring DispatcherServlet 'dispatcherServlet'
2026-04-05T09:52:25.108+05:30  INFO 2743059 --- [finance-dashboard] [nio-8085-exec-1] o.s.web.servlet.DispatcherServlet        : Initializing Servlet 'dispatcherServlet'
2026-04-05T09:52:25.110+05:30  INFO 2743059 --- [finance-dashboard] [nio-8085-exec-1] o.s.web.servlet.DispatcherServlet        : Completed initialization in 2 ms
